<?xml version="1.0" encoding="UTF-8"?>
<!-- Generated by org.testng.reporters.JUnitReportReporter -->
<testsuite hostname="DESKTOP-8RSEAS0" failures="0" tests="1" name="tests.InvalidLoginTest" time="36.259" errors="0" timestamp="02 Jan 2019 15:16:25 GMT" skipped="0">
  <testcase classname="tests.InvalidLoginTest" name="testInvalidLogin" time="36.259"/>
</testsuite> <!-- tests.InvalidLoginTest -->
